#
# There is insufficient memory for the Java Runtime Environment to continue.
# Native memory allocation (malloc) failed to allocate 32744 bytes for ChunkPool::allocate
# Possible reasons:
#   The system is out of physical RAM or swap space
#   In 32 bit mode, the process size limit was hit
# Possible solutions:
#   Reduce memory load on the system
#   Increase physical memory or swap space
#   Check if swap backing store is full
#   Use 64 bit Java on a 64 bit OS
#   Decrease Java heap size (-Xmx/-Xms)
#   Decrease number of Java threads
#   Decrease Java thread stack sizes (-Xss)
#   Set larger code cache with -XX:ReservedCodeCacheSize=
# This output file may be truncated or incomplete.
#
#  Out of Memory Error (allocation.cpp:273), pid=3208, tid=0x0000000000000ef4
#
# JRE version: Java(TM) SE Runtime Environment (8.0_151-b12) (build 1.8.0_151-b12)
# Java VM: Java HotSpot(TM) 64-Bit Server VM (25.151-b12 mixed mode windows-amd64 compressed oops)
# Failed to write core dump. Minidumps are not enabled by default on client versions of Windows
#

---------------  T H R E A D  ---------------

Current thread (0x000000001b1fc000):  JavaThread "Thread-0" [_thread_in_vm, id=3828, stack(0x000000001b760000,0x000000001b860000)]

Stack: [0x000000001b760000,0x000000001b860000]
[error occurred during error reporting (printing stack bounds), id 0xc0000005]

Native frames: (J=compiled Java code, j=interpreted, Vv=VM code, C=native code)

Java frames: (J=compiled Java code, j=interpreted, Vv=VM code)
j  sun.misc.Unsafe.defineAnonymousClass(Ljava/lang/Class;[B[Ljava/lang/Object;)Ljava/lang/Class;+0
j  java.lang.invoke.InvokerBytecodeGenerator.loadAndInitializeInvokerClass([B[Ljava/lang/Object;)Ljava/lang/Class;+8
j  java.lang.invoke.InvokerBytecodeGenerator.loadMethod([B)Ljava/lang/invoke/MemberName;+6
j  java.lang.invoke.InvokerBytecodeGenerator.generateCustomizedCode(Ljava/lang/invoke/LambdaForm;Ljava/lang/invoke/MethodType;)Ljava/lang/invoke/MemberName;+17
j  java.lang.invoke.LambdaForm.compileToBytecode()Ljava/lang/invoke/MemberName;+65
j  java.lang.invoke.DirectMethodHandle.makePreparedLambdaForm(Ljava/lang/invoke/MethodType;I)Ljava/lang/invoke/LambdaForm;+638
j  java.lang.invoke.DirectMethodHandle.preparedLambdaForm(Ljava/lang/invoke/MethodType;I)Ljava/lang/invoke/LambdaForm;+17
j  java.lang.invoke.DirectMethodHandle.preparedLambdaForm(Ljava/lang/invoke/MemberName;)Ljava/lang/invoke/LambdaForm;+151
j  java.lang.invoke.DirectMethodHandle.make(BLjava/lang/Class;Ljava/lang/invoke/MemberName;)Ljava/lang/invoke/DirectMethodHandle;+94
j  java.lang.invoke.DirectMethodHandle.make(Ljava/lang/Class;Ljava/lang/invoke/MemberName;)Ljava/lang/invoke/DirectMethodHandle;+16
j  java.lang.invoke.DirectMethodHandle.make(Ljava/lang/invoke/MemberName;)Ljava/lang/invoke/DirectMethodHandle;+17
j  java.lang.invoke.Invokers.basicInvoker()Ljava/lang/invoke/MethodHandle;+60
j  java.lang.invoke.LambdaForm$NamedFunction.<init>(Ljava/lang/invoke/MethodType;)V+42
j  java.lang.invoke.LambdaForm$Name.<init>(Ljava/lang/invoke/MethodType;[Ljava/lang/Object;)V+6
j  java.lang.invoke.DelegatingMethodHandle.makeReinvokerForm(Ljava/lang/invoke/MethodHandle;ILjava/lang/Object;Ljava/lang/String;ZLjava/lang/invoke/LambdaForm$NamedFunction;Ljava/lang/invoke/LambdaForm$NamedFunction;)Ljava/lang/invoke/LambdaForm;+291
j  java.lang.invoke.DelegatingMethodHandle.makeReinvokerForm(Ljava/lang/invoke/MethodHandle;ILjava/lang/Object;Ljava/lang/invoke/LambdaForm$NamedFunction;)Ljava/lang/invoke/LambdaForm;+54
j  java.lang.invoke.DelegatingMethodHandle.chooseDelegatingForm(Ljava/lang/invoke/MethodHandle;)Ljava/lang/invoke/LambdaForm;+20
j  java.lang.invoke.DelegatingMethodHandle.<init>(Ljava/lang/invoke/MethodType;Ljava/lang/invoke/MethodHandle;)V+3
j  java.lang.invoke.MethodHandleImpl$IntrinsicMethodHandle.<init>(Ljava/lang/invoke/MethodHandle;Ljava/lang/invoke/MethodHandleImpl$Intrinsic;)V+6
j  java.lang.invoke.MethodHandleImpl.makeIntrinsic(Ljava/lang/invoke/MethodHandle;Ljava/lang/invoke/MethodHandleImpl$Intrinsic;)Ljava/lang/invoke/MethodHandle;+16
j  java.lang.invoke.MethodHandleImpl.makeArrays()[Ljava/lang/invoke/MethodHandle;+35
j  java.lang.invoke.MethodHandleImpl.access$000()[Ljava/lang/invoke/MethodHandle;+0
j  java.lang.invoke.MethodHandleImpl$Lazy.<clinit>()V+5
v  ~StubRoutines::call_stub
j  java.lang.invoke.MethodHandleImpl.varargsArray(I)Ljava/lang/invoke/MethodHandle;+0
j  java.lang.invoke.MethodHandleImpl.varargsArray(Ljava/lang/Class;I)Ljava/lang/invoke/MethodHandle;+121
j  java.lang.invoke.MethodHandle.asCollector(Ljava/lang/Class;I)Ljava/lang/invoke/MethodHandle;+36
j  java.lang.invoke.MethodHandleImpl$AsVarargsCollector.<init>(Ljava/lang/invoke/MethodType;Ljava/lang/invoke/MethodHandle;Ljava/lang/Class;)V+20
j  java.lang.invoke.MethodHandleImpl$AsVarargsCollector.<init>(Ljava/lang/invoke/MethodHandle;Ljava/lang/Class;)V+7
j  java.lang.invoke.MethodHandleImpl.makeVarargsCollector(Ljava/lang/invoke/MethodHandle;Ljava/lang/Class;)Ljava/lang/invoke/MethodHandle;+43
j  java.lang.invoke.MethodHandle.setVarargs(Ljava/lang/invoke/MemberName;)Ljava/lang/invoke/MethodHandle;+26
j  java.lang.invoke.MethodHandles$Lookup.getDirectMethodCommon(BLjava/lang/Class;Ljava/lang/invoke/MemberName;ZZLjava/lang/Class;)Ljava/lang/invoke/MethodHandle;+263
j  java.lang.invoke.MethodHandles$Lookup.getDirectMethod(BLjava/lang/Class;Ljava/lang/invoke/MemberName;Ljava/lang/Class;)Ljava/lang/invoke/MethodHandle;+8
j  java.lang.invoke.MethodHandles$Lookup.findStatic(Ljava/lang/Class;Ljava/lang/String;Ljava/lang/invoke/MethodType;)Ljava/lang/invoke/MethodHandle;+23
j  java.lang.invoke.CallSite.<clinit>()V+35
v  ~StubRoutines::call_stub
j  java.lang.invoke.MethodHandleNatives.linkCallSiteImpl(Ljava/lang/Class;Ljava/lang/invoke/MethodHandle;Ljava/lang/String;Ljava/lang/invoke/MethodType;Ljava/lang/Object;[Ljava/lang/Object;)Ljava/lang/invoke/MemberName;+6
j  java.lang.invoke.MethodHandleNatives.linkCallSite(Ljava/lang/Object;Ljava/lang/Object;Ljava/lang/Object;Ljava/lang/Object;Ljava/lang/Object;[Ljava/lang/Object;)Ljava/lang/invoke/MemberName;+45
v  ~StubRoutines::call_stub
j  java.awt.GraphicsEnvironment.getHeadlessProperty()Z+6
j  java.awt.GraphicsEnvironment.isHeadless()Z+0
j  java.awt.Toolkit.<clinit>()V+47
v  ~StubRoutines::call_stub
j  java.awt.Component.<clinit>()V+93
v  ~StubRoutines::call_stub
j  videogame.Display.createDisplay()V+1
j  videogame.Display.<init>(Ljava/lang/String;II)V+20
j  videogame.Game.init()V+17
j  videogame.Game.run()V+1
j  java.lang.Thread.run()V+11
v  ~StubRoutines::call_stub

---------------  P R O C E S S  ---------------

Java Threads: ( => current thread )
  0x0000000004a30800 JavaThread "DestroyJavaVM" [_thread_blocked, id=10452, stack(0x0000000004900000,0x0000000004a00000)]
=>0x000000001b1fc000 JavaThread "Thread-0" [_thread_in_vm, id=3828, stack(0x000000001b760000,0x000000001b860000)]
  0x000000001b189000 JavaThread "Service Thread" daemon [_thread_blocked, id=12488, stack(0x000000001b560000,0x000000001b660000)]
  0x000000001973e800 JavaThread "C1 CompilerThread2" daemon [_thread_blocked, id=13232, stack(0x000000001b060000,0x000000001b160000)]
  0x0000000019717800 JavaThread "C2 CompilerThread1" daemon [_thread_blocked, id=7868, stack(0x000000001af60000,0x000000001b060000)]
  0x000000001970e000 JavaThread "C2 CompilerThread0" daemon [_thread_blocked, id=14556, stack(0x000000001ae60000,0x000000001af60000)]
  0x000000001970c800 JavaThread "Attach Listener" daemon [_thread_blocked, id=12908, stack(0x000000001ad60000,0x000000001ae60000)]
  0x000000001970b000 JavaThread "Signal Dispatcher" daemon [_thread_blocked, id=12312, stack(0x000000001ac60000,0x000000001ad60000)]
  0x00000000196fa000 JavaThread "Finalizer" daemon [_thread_blocked, id=820, stack(0x000000001a970000,0x000000001aa70000)]
  0x0000000004b21000 JavaThread "Reference Handler" daemon [_thread_blocked, id=824, stack(0x000000001a870000,0x000000001a970000)]

Other Threads:
  0x00000000196d7000 VMThread [stack: 0x000000001a770000,0x000000001a870000] [id=14112]
  0x000000001b18c000 WatcherThread [stack: 0x000000001b660000,0x000000001b760000] [id=15284]

VM state:not at safepoint (normal execution)

VM Mutex/Monitor currently owned by a thread: None

Heap:
 PSYoungGen      total 37888K, used 3278K [0x00000000d6000000, 0x00000000d8a00000, 0x0000000100000000)
  eden space 32768K, 10% used [0x00000000d6000000,0x00000000d6333840,0x00000000d8000000)
  from space 5120K, 0% used [0x00000000d8500000,0x00000000d8500000,0x00000000d8a00000)
  to   space 5120K, 0% used [0x00000000d8000000,0x00000000d8000000,0x00000000d8500000)
 ParOldGen       total 86016K, used 0K [0x0000000082000000, 0x0000000087400000, 0x00000000d6000000)
  object space 86016K, 0% used [0x0000000082000000,0x0000000082000000,0x0000000087400000)
 Metaspace       used 3945K, capacity 4678K, committed 4864K, reserved 1056768K
  class space    used 426K, capacity 465K, committed 512K, reserved 1048576K

Card table byte_map: [0x0000000013fe0000,0x00000000143e0000] byte_map_base: 0x0000000013bd0000

Marking Bits: (ParMarkBitMap*) 0x0000000066b2d850
 Begin Bits: [0x0000000014a80000, 0x0000000016a00000)
 End Bits:   [0x0000000016a00000, 0x0000000018980000)

Polling page: 0x0000000002de0000

CodeCache: size=245760Kb used=1335Kb max_used=1335Kb free=244424Kb
 bounds [0x0000000004c20000, 0x0000000004e90000, 0x0000000013c20000]
 total_blobs=408 nmethods=146 adapters=175
 compilation: enabled

Compilation events (10 events):
Event: 0.169 Thread 0x000000001973e800 nmethod 136 0x0000000004d62590 code [0x0000000004d626e0, 0x0000000004d627f0]
Event: 0.169 Thread 0x000000001973e800  137       1       java.lang.invoke.LambdaForm$BasicType::access$100 (5 bytes)
Event: 0.169 Thread 0x000000001973e800 nmethod 137 0x0000000004d62850 code [0x0000000004d629a0, 0x0000000004d62a90]
Event: 0.169 Thread 0x000000001973e800  135       1       java.lang.invoke.LambdaForm$Name::access$000 (5 bytes)
Event: 0.169 Thread 0x000000001973e800 nmethod 135 0x0000000004d62b10 code [0x0000000004d62c60, 0x0000000004d62d50]
Event: 0.169 Thread 0x000000001973e800  138       1       java.lang.invoke.LambdaForm$BasicType::basicTypeClass (5 bytes)
Event: 0.170 Thread 0x000000001973e800 nmethod 138 0x0000000004d62dd0 code [0x0000000004d62f20, 0x0000000004d63030]
Event: 0.170 Thread 0x000000001973e800  139       3       jdk.internal.org.objectweb.asm.Frame::execute (2252 bytes)
Event: 0.170 Thread 0x0000000019717800  140       4       java.lang.String::indexOf (70 bytes)
Event: 0.172 Thread 0x0000000019717800 nmethod 140 0x0000000004d65e50 code [0x0000000004d65fa0, 0x0000000004d66158]

GC Heap History (0 events):
No events

Deoptimization events (0 events):
No events

Internal exceptions (7 events):
Event: 0.036 Thread 0x0000000004a30800 Exception <a 'java/lang/NoSuchMethodError': Method sun.misc.Unsafe.defineClass(Ljava/lang/String;[BII)Ljava/lang/Class; name or signature does not match> (0x00000000d6007ca8) thrown at [C:\re\workspace\8-2-build-windows-amd64-cygwin\jdk8u151\9699\hotspot\
Event: 0.036 Thread 0x0000000004a30800 Exception <a 'java/lang/NoSuchMethodError': Method sun.misc.Unsafe.prefetchRead(Ljava/lang/Object;J)V name or signature does not match> (0x00000000d6007f90) thrown at [C:\re\workspace\8-2-build-windows-amd64-cygwin\jdk8u151\9699\hotspot\src\share\vm\prims
Event: 0.124 Thread 0x000000001b1fc000 Exception <a 'java/security/PrivilegedActionException'> (0x00000000d62054a0) thrown at [C:\re\workspace\8-2-build-windows-amd64-cygwin\jdk8u151\9699\hotspot\src\share\vm\prims\jvm.cpp, line 1390]
Event: 0.124 Thread 0x000000001b1fc000 Exception <a 'java/security/PrivilegedActionException'> (0x00000000d62056b0) thrown at [C:\re\workspace\8-2-build-windows-amd64-cygwin\jdk8u151\9699\hotspot\src\share\vm\prims\jvm.cpp, line 1390]
Event: 0.125 Thread 0x000000001b1fc000 Exception <a 'java/security/PrivilegedActionException'> (0x00000000d62097a8) thrown at [C:\re\workspace\8-2-build-windows-amd64-cygwin\jdk8u151\9699\hotspot\src\share\vm\prims\jvm.cpp, line 1390]
Event: 0.125 Thread 0x000000001b1fc000 Exception <a 'java/security/PrivilegedActionException'> (0x00000000d62099b8) thrown at [C:\re\workspace\8-2-build-windows-amd64-cygwin\jdk8u151\9699\hotspot\src\share\vm\prims\jvm.cpp, line 1390]
Event: 0.131 Thread 0x000000001b1fc000 Exception <a 'java/io/FileNotFoundException'> (0x00000000d620bf30) thrown at [C:\re\workspace\8-2-build-windows-amd64-cygwin\jdk8u151\9699\hotspot\src\share\vm\prims\jni.cpp, line 709]

Events (10 events):
Event: 0.160 loading class java/lang/invoke/MethodHandleImpl$AsVarargsCollector
Event: 0.160 loading class java/lang/invoke/DelegatingMethodHandle
Event: 0.160 loading class java/lang/invoke/DelegatingMethodHandle done
Event: 0.160 loading class java/lang/invoke/MethodHandleImpl$AsVarargsCollector done
Event: 0.160 loading class java/lang/invoke/WrongMethodTypeException
Event: 0.160 loading class java/lang/invoke/WrongMethodTypeException done
Event: 0.163 loading class java/lang/invoke/MethodHandleImpl$Lazy
Event: 0.163 loading class java/lang/invoke/MethodHandleImpl$Lazy done
Event: 0.163 loading class java/lang/invoke/MethodHandleImpl$IntrinsicMethodHandle
Event: 0.163 loading class java/lang/invoke/MethodHandleImpl$IntrinsicMethodHandle done


Dynamic libraries:
0x00007ff797c30000 - 0x00007ff797c67000 	C:\Program Files\Java\jdk1.8.0_151\jre\bin\java.exe
0x00007fff3a570000 - 0x00007fff3a750000 	C:\WINDOWS\SYSTEM32\ntdll.dll
0x00007fff38220000 - 0x00007fff382ce000 	C:\WINDOWS\System32\KERNEL32.DLL
0x00007fff376d0000 - 0x00007fff37936000 	C:\WINDOWS\System32\KERNELBASE.dll
0x00007fff38cc0000 - 0x00007fff38d61000 	C:\WINDOWS\System32\ADVAPI32.dll
0x00007fff38480000 - 0x00007fff3851d000 	C:\WINDOWS\System32\msvcrt.dll
0x00007fff382d0000 - 0x00007fff3832b000 	C:\WINDOWS\System32\sechost.dll
0x00007fff38d70000 - 0x00007fff38e8f000 	C:\WINDOWS\System32\RPCRT4.dll
0x00007fff37b10000 - 0x00007fff37c9f000 	C:\WINDOWS\System32\USER32.dll
0x00007fff36f60000 - 0x00007fff36f80000 	C:\WINDOWS\System32\win32u.dll
0x00007fff385a0000 - 0x00007fff385c8000 	C:\WINDOWS\System32\GDI32.dll
0x00007fff36a70000 - 0x00007fff36c03000 	C:\WINDOWS\System32\gdi32full.dll
0x00007fff369d0000 - 0x00007fff36a6b000 	C:\WINDOWS\System32\msvcp_win.dll
0x00007fff36de0000 - 0x00007fff36ed6000 	C:\WINDOWS\System32\ucrtbase.dll
0x00007fff29cf0000 - 0x00007fff29f59000 	C:\WINDOWS\WinSxS\amd64_microsoft.windows.common-controls_6595b64144ccf1df_6.0.16299.309_none_15cfd4c4935e6b11\COMCTL32.dll
0x00007fff385d0000 - 0x00007fff388d8000 	C:\WINDOWS\System32\combase.dll
0x00007fff36ee0000 - 0x00007fff36f52000 	C:\WINDOWS\System32\bcryptPrimitives.dll
0x00007fff37a40000 - 0x00007fff37a6d000 	C:\WINDOWS\System32\IMM32.DLL
0x0000000066230000 - 0x0000000066302000 	C:\Program Files\Java\jdk1.8.0_151\jre\bin\msvcr100.dll
0x0000000066310000 - 0x0000000066bad000 	C:\Program Files\Java\jdk1.8.0_151\jre\bin\server\jvm.dll
0x00007fff388e0000 - 0x00007fff388e8000 	C:\WINDOWS\System32\PSAPI.DLL
0x00007fff27670000 - 0x00007fff27679000 	C:\WINDOWS\SYSTEM32\WSOCK32.dll
0x00007fff38330000 - 0x00007fff3839c000 	C:\WINDOWS\System32\WS2_32.dll
0x00007fff333c0000 - 0x00007fff333e3000 	C:\WINDOWS\SYSTEM32\WINMM.dll
0x00007fff2d6d0000 - 0x00007fff2d6da000 	C:\WINDOWS\SYSTEM32\VERSION.dll
0x00007fff33390000 - 0x00007fff333ba000 	C:\WINDOWS\SYSTEM32\WINMMBASE.dll
0x00007fff37940000 - 0x00007fff3798a000 	C:\WINDOWS\System32\cfgmgr32.dll
0x00000000661e0000 - 0x00000000661ef000 	C:\Program Files\Java\jdk1.8.0_151\jre\bin\verify.dll
0x00000000661b0000 - 0x00000000661d9000 	C:\Program Files\Java\jdk1.8.0_151\jre\bin\java.dll
0x0000000066190000 - 0x00000000661a6000 	C:\Program Files\Java\jdk1.8.0_151\jre\bin\zip.dll
0x00007fff39100000 - 0x00007fff3a536000 	C:\WINDOWS\System32\SHELL32.dll
0x00007fff38a60000 - 0x00007fff38b06000 	C:\WINDOWS\System32\shcore.dll
0x00007fff36f80000 - 0x00007fff376c7000 	C:\WINDOWS\System32\windows.storage.dll
0x00007fff38c60000 - 0x00007fff38cb1000 	C:\WINDOWS\System32\shlwapi.dll
0x00007fff368e0000 - 0x00007fff368f1000 	C:\WINDOWS\System32\kernel.appcore.dll
0x00007fff36920000 - 0x00007fff3696c000 	C:\WINDOWS\System32\powrprof.dll
0x00007fff368c0000 - 0x00007fff368db000 	C:\WINDOWS\System32\profapi.dll
0x0000000065fb0000 - 0x0000000066148000 	C:\Program Files\Java\jdk1.8.0_151\jre\bin\awt.dll
0x00007fff383b0000 - 0x00007fff38475000 	C:\WINDOWS\System32\OLEAUT32.dll
0x00007fff34820000 - 0x00007fff348a8000 	C:\WINDOWS\SYSTEM32\apphelp.dll

VM Arguments:
jvm_args: -Dfile.encoding=UTF-8 
java_command: videogame.VideoGame
java_class_path (initial): C:\Users\kachu\Documents\ProyectoFinal\build\classes
Launcher Type: SUN_STANDARD

Environment Variables:
PATH=C:\Program Files\Docker\Docker\Resources\bin;C:\Users\kachu\AppData\Roaming\Python\Python36\Scripts\;C:\Users\kachu\AppData\Roaming\Python\Python36\;C:\ProgramData\Oracle\Java\javapath;C:\Program Files (x86)\Intel\iCLS Client\;C:\Program Files\Intel\iCLS Client\;C:\WINDOWS\system32;C:\WINDOWS;C:\WINDOWS\System32\Wbem;C:\WINDOWS\System32\WindowsPowerShell\v1.0\;C:\Program Files (x86)\Intel\Intel(R) Management Engine Components\DAL;C:\Program Files\Intel\Intel(R) Management Engine Components\DAL;C:\Program Files (x86)\Intel\Intel(R) Management Engine Components\IPT;C:\Program Files\Intel\Intel(R) Management Engine Components\IPT;C:\Program Files\Microsoft SQL Server\130\Tools\Binn\;C:\Program Files (x86)\GtkSharp\2.12\bin;C:\Program Files\Git\cmd;C:\Program Files\nodejs\;C:\Program Files\Intel\WiFi\bin\;C:\Program Files\Common Files\Intel\WirelessCommon\;C:\MinGW\bin;C:\Program Files\MySQL\MySQL Utilities 1.6\;C:\Program Files\MySQL\MySQL Server 5.7\bin;C:\Users\kachu\AppData\Local\Microsoft\WindowsApps;C:\Users\kachu\AppData\Local\atom\bin;C:\Users\kachu\AppData\Local\Microsoft\WindowsApps;C:\MinGW\bin;C:\Users\kachu\AppData\Roaming\npm;C:\Program Files\Intel\WiFi\bin\;C:\Program Files\Common Files\Intel\WirelessCommon\
USERNAME=kachu
OS=Windows_NT
PROCESSOR_IDENTIFIER=Intel64 Family 6 Model 142 Stepping 9, GenuineIntel



---------------  S Y S T E M  ---------------

OS: Windows 10.0 , 64 bit Build 16299 (10.0.16299.15)

CPU:total 4 (initial active 4) (2 cores per cpu, 2 threads per core) family 6 model 142 stepping 9, cmov, cx8, fxsr, mmx, sse, sse2, sse3, ssse3, sse4.1, sse4.2, popcnt, avx, avx2, aes, clmul, erms, 3dnowpref, lzcnt, ht, tsc, tscinvbit, bmi1, bmi2, adx

Memory: 4k page, physical 8252388k(1073048k free), swap 8252388k(5124k free)

vm_info: Java HotSpot(TM) 64-Bit Server VM (25.151-b12) for windows-amd64 JRE (1.8.0_151-b12), built on Sep  5 2017 19:33:46 by "java_re" with MS VC++ 10.0 (VS2010)

time: Wed Apr 11 10:12:26 2018
elapsed time: 0 seconds (0d 0h 0m 0s)

